<?xml version="1.0" encoding="UTF-8"?>
<!-- Generated by org.testng.reporters.JUnitReportReporter -->
<testsuite hostname="Mohammad" failures="0" tests="9" name="tests.EcommSignUpLastNameValidations" time="15.120" errors="0" timestamp="2022-12-07T03:02:04 EST" skipped="0">
  <testcase classname="tests.EcommSignUpLastNameValidations" name="enterInvalidFormat" time="1.114"/>
  <system-out/>
  <testcase classname="tests.EcommSignUpLastNameValidations" name="enterValidLength" time="1.320"/>
  <system-out/>
  <testcase classname="tests.EcommSignUpLastNameValidations" name="enterInvalidFormat" time="1.520"/>
  <system-out/>
  <testcase classname="tests.EcommSignUpLastNameValidations" name="enterInvalidFormat" time="1.188"/>
  <system-out/>
  <testcase classname="tests.EcommSignUpLastNameValidations" name="enterValidLength" time="1.199"/>
  <system-out/>
  <testcase classname="tests.EcommSignUpLastNameValidations" name="enterValidLength" time="1.439"/>
  <system-out/>
  <testcase classname="tests.EcommSignUpLastNameValidations" name="enterInvalidLength" time="1.316"/>
  <system-out/>
  <testcase classname="tests.EcommSignUpLastNameValidations" name="enterValidLength" time="1.063"/>
  <system-out/>
  <testcase classname="tests.EcommSignUpLastNameValidations" name="enterInvalidFormat" time="4.961"/>
  <system-out/>
</testsuite> <!-- tests.EcommSignUpLastNameValidations -->
