<?xml version="1.0" encoding="UTF-8"?>
<!-- Generated by org.testng.reporters.JUnitReportReporter -->
<testsuite hostname="Mohammad" failures="0" tests="1" name="tests.NewTest" time="14.670" errors="0" timestamp="2022-12-03T22:52:14 EST" skipped="0">
  <testcase classname="tests.NewTest" name="f" time="14.670"/>
  <system-out/>
</testsuite> <!-- tests.NewTest -->
