<?xml version="1.0" encoding="UTF-8"?>
<!-- Generated by org.testng.reporters.JUnitReportReporter -->
<testsuite hostname="Mohammad" failures="0" tests="9" name="tests.EcommSignUpFirstNameValidations" time="15.385" errors="0" timestamp="2022-12-07T02:39:48 EST" skipped="0">
  <testcase classname="tests.EcommSignUpFirstNameValidations" name="enterValidFirstName" time="1.574"/>
  <system-out/>
  <testcase classname="tests.EcommSignUpFirstNameValidations" name="enterValidFirstName" time="1.087"/>
  <system-out/>
  <testcase classname="tests.EcommSignUpFirstNameValidations" name="validateFirstNameAlphabetical" time="1.104"/>
  <system-out/>
  <testcase classname="tests.EcommSignUpFirstNameValidations" name="enterInvalidFirstName" time="1.546"/>
  <system-out/>
  <testcase classname="tests.EcommSignUpFirstNameValidations" name="validateFirstNameAlphabetical" time="5.296"/>
  <system-out/>
  <testcase classname="tests.EcommSignUpFirstNameValidations" name="validateFirstNameAlphabetical" time="1.230"/>
  <system-out/>
  <testcase classname="tests.EcommSignUpFirstNameValidations" name="enterValidFirstName" time="1.350"/>
  <system-out/>
  <testcase classname="tests.EcommSignUpFirstNameValidations" name="enterValidFirstName" time="1.169"/>
  <system-out/>
  <testcase classname="tests.EcommSignUpFirstNameValidations" name="validateFirstNameAlphabetical" time="1.029"/>
  <system-out/>
</testsuite> <!-- tests.EcommSignUpFirstNameValidations -->
